[*] Updating 79 products via Kyte API...
14:30:11    [1/79] RAFIA LAMINADA CON OJALES 120G 2X50MT (code: ): $166,497.65 -> $166,497.65
14:30:11    [2/79] Kit Taladro Inalámbrico Y Amoladora Brushless + 2 Bat Emtop (code: ): $265,536.62 -> $224,114.57
14:30:12    [3/79] Escalera Articulada 4x4 Fibra Vidrio Y Aluminio 4,7 Mts Kld Color Rojo (code: kld1768): $189,825.85 -> $174,280.08
14:30:13    [4/79] Calefactor Cañon Kerosén/diesel 25.795 Kcal/h Kldca30 (code: Kldca30): $530,347.65 -> $665,677.74
14:30:13    [5/79] Calefactor Cañon Kerosén/diesel 42.992 Kcal/h Kldca45 (code: Kldca45): $612,790.17 -> $733,657.76
14:30:14    [6/79] DESMALEZADORA EXPLOSION 2 TIEMPOS 1650W 52CC mp (code: KLDDE52): $98,700.00 -> $77,334.57
14:30:15    [7/79] BORDEADORA MASTER 1000 PLUS 1500W (code: TRP2931964): $74,145.00 -> $67,687.93
14:30:15    [8/79] HIDROLAVADORA 110 BAR 1400W (code: BT105): $77,000.00 -> $82,152.05
14:30:16    [9/79] Juego de Llave Ajustable 4 pzs (code: WAW174K): $33,025.59 -> $33,025.60
14:30:16    [10/79] Engrampadora Inalambrica 20V 50 MM (code: WBJ2308-4): $315,054.73 -> $330,807.46
14:30:17    [11/79] Cargador de Bateria Automatico 6-12v / 2-4 amper (code: WBY15041-4): $49,841.19 -> $52,333.25
14:30:17    [12/79] Cargador de Bateria Automatico 12-24v / 7 amper (code: WBY1A071-4): $78,059.74 -> $81,962.72
14:30:18    [13/79] Cargador de Bateria Automatico 12-24v / 15 amper (code: WBY1A151-4): $93,929.57 -> $98,626.04
14:30:19    [14/79] Cargador de Bateria Automatico 12-24v / 20-10 amper (code: WBY1A201-4): $167,030.00 -> $175,381.48
14:30:20    [15/79] Cargador de Bateria Automatico 12-24v / 50 amper (code: WBY1A50-4): $343,333.90 -> $360,500.58
14:30:20    [16/79] CINTA PASACABLE 3MM X 30MTS (code: WCAPB3M30): $43,013.96 -> $42,906.42
14:30:21    [17/79] Llave de impacto inalámbrico 20v 3/4 " ´ + Carg  + 2 Bat 5.0 AH + Maleta (code: WCD1B128-4): $513,351.85 -> $539,018.45
14:30:21    [18/79] Combo Taladro de Impacto Inalambrico + Llave de Impacto Inalambrica + BAT (code: WCK20275-4): $238,684.44 -> $250,618.67
14:30:22    [19/79] COMBO 5 HERRAMIENTAS INALAMBRICAS +ALICATES+DEST (code: WCK20794): $501,185.15 -> $526,244.41
14:30:26    [20/79] Sierra Poda Inalambrica 20v + bateria + cargador (code: 113286.59): $113,286.59 -> $94,105.16
14:30:26    [21/79] GABINETE CON RUEDAS (code: WCS4A08): $338,771.31 -> $355,709.87
14:30:27    [22/79] Mesa de Trabajo 114. x 158.5 CM (code: WCS5A05): $528,477.80 -> $666,956.02
14:30:27    [23/79] Motosierra Electrica 16" (code: WCSA1522-4): $168,720.94 -> $177,156.98
14:30:28    [24/79] JUEGO PRENSAS RÁPIDAS 4 PZS (code: WCZ4E21): $15,123.45 -> $15,879.63
14:30:29    [25/79] Juego de herramientas (code: WDT1B76): $120,380.20 -> $114,361.19
14:30:29    [26/79] Equipo de Pintar 450w recipiente acero inox. (code: WEG1A02-4): $54,058.17 -> $56,761.08
14:30:30    [27/79] Soplete Flambeador (code: WFG1602): $6,469.60 -> $6,793.07
14:30:30    [28/79] Manguera para Engrasadora 400 cc (code: WGG5540): $132,358.11 -> $138,976.03
14:30:31    [29/79] ARCO DE SIERRA 7´´ 180MM (code: WHF5107): $7,672.07 -> $8,559.16
14:30:32    [30/79] Crique Botella 2 Tonelada (code: WHJ1502): $23,310.01 -> $24,240.37
14:30:32    [31/79] Crique Botella 4 Tonelada (code: WHJ1504): $24,796.54 -> $26,036.37
14:30:33    [32/79] Crique Botella 6 Tonelada (code: WHJ1506): $30,747.07 -> $33,293.31
14:30:33    [33/79] Crique Botella 10 Tonelada (code: WHJ1510): $49,096.95 -> $51,551.80
14:30:34    [34/79] Crique Botella 20 Tonelada (code: WHJ1520): $81,823.91 -> $85,915.11
14:30:35    [35/79] Kit portátil de reparación de carrocería hidráulica (code: WHJ1D10): $488,160.05 -> $512,568.06
14:30:35    [36/79] Crique Carrito 3 Toneladas (code: WHJ2503): $184,124.55 -> $193,330.78
14:30:36    [37/79] Soporte 2 Toneladas x 2 Unidades (code: WHJS0201): $38,781.90 -> $40,721.00
14:30:36    [38/79] Soporte 3 Toneladas x 2 Unidades (code: WHJS0301): $51,380.12 -> $55,634.88
14:30:38    [39/79] Juego De Llaves Hex- Ball - Torx 24 Pzs (code: WHK4203): $15,934.31 -> $15,934.30
14:30:38    [40/79] Martillo de Piedra 4 kg  mango de Vidrio (code: WHM2340): $36,516.11 -> $38,341.91
14:30:39    [41/79] Dobladora de Caños 12 Toneladas - 2 Pulgadas (code: WHN1512): $253,636.33 -> $291,624.40
14:30:40    [42/79] Aspesor Regador 5 en 1 (code: WHPS3061): $9,292.68 -> $9,757.32
14:30:40    [43/79] Prensa Hidraulica 12 Toneladas (code: WHQ4A12): $407,584.24 -> $475,514.94
14:30:41    [44/79] Prensa Hidraulica 20 Toneladas (code: WHQ4A20): $488,395.30 -> $512,815.08
14:30:42    [45/79] Adaptador de Mandril 1/2" SDS PLUS (code: WKCR0102): $2,157.38 -> $2,157.39
14:30:43    [46/79] Recolector de Aceite Neumatico 70lts (code: WKD2A07): $476,397.16 -> $500,217.02
14:30:44    [47/79] Batería De Ion De Litio 20v 4.0ah (code: WLBP540): $68,363.40 -> $38,363.40
14:30:45    [48/79] Alicate De Presión  10" Con cadena (code: WLP5510): $14,927.60 -> $15,673.94
14:30:45    [49/79] Mopa Balde escurridor y centrifugador sin pedal (code: WMPS7101): $42,346.41 -> $45,811.12
14:30:46    [50/79] Sierra Multiherramienta Oscilante Inalam. 20V + BAT 2.0 AH + CARG (code: WMUP5023-4): $114,048.92 -> $119,751.37
14:30:47    [51/79]  Aspesor Regador 2 picos (code: WNE3E34): $6,822.48 -> $7,410.62
14:30:47    [52/79] PISTOLA PLASTICA P/REGAR 3 AJUSTES (code: WNE8E34): $5,175.67 -> $5,434.45
14:30:48    [53/79] JGO ESPATULAS DE PLASTICO X 3 UNIDADES (code: WPT3133): $1,529.18 -> $1,654.29
14:30:49    [54/79] Juego de Adaptadorpara Manguera 3 pzs (code: WQC2E33): $3,764.13 -> $3,952.33
14:30:49    [55/79] BIDON DE PLASTICO 10LTS (code: WQY2310): $24,395.22 -> $26,391.19
14:30:50    [56/79] Bidon de Plastico 20 litros (code: WQY2320): $31,452.96 -> $34,026.38
14:30:50    [57/79] Limpiador a vapor (code: WSC1515-4): $168,800.00 -> $1,772,211.96
14:30:51    [58/79] Antiparra de Seguridad de alto Impacto (code: WSG2801): $2,240.07 -> $2,352.07
14:30:52    [59/79] Nivel Aluminio 40 cm (code: WSL2G40): $46,133.41 -> $0.10
14:30:52    [60/79] NIVEL BURBUJA DE ALUMINIO 100CM (code: WSL2G100): $10,177.47 -> $10,686.33
14:30:53    [61/79]   Regla de Acero 40" 1000 mm Metrica y Pulgada (code: WSR3330): $9,645.58 -> $10,127.86
14:30:53    [62/79] DISCO SIERRA TCT 254MM 100DIENTES P/MADERA (code: WTC1K13): $23,832.64 -> $25,024.27
14:30:54    [63/79] Disco De Sierra TCT 254mm 100 dientes p/aluminio (code: WTC2K03): $37,590.12 -> $39,469.62
14:30:54    [64/79] Disco De Sierra TCT 305mm 120 dientes p/aluminio (code: WTC2K06): $56,461.88 -> $59,284.98
14:30:55    [65/79] Llave Dinamométrica (code: WWQ1D12): $62,993.00 -> $6,299.30
14:30:56    [66/79] BARNIZ PETIRIBI brillante (code: 3004): $7,374.71 -> $0.10
14:30:57    [67/79] BARNIZ ROBLE OSCURO brillante 285g (code: 3008): $7,374.71 -> $0.00
14:30:57    [68/79] HULE B/ALGODON ESTAMPADO X 50MTS** (code: ): $171,668.75 -> $156,648.78
14:30:58    [69/79] MANTEL HULE ALGODON ESTAMPADO X 30MTS (code: ): $120,697.50 -> $113,723.65
14:30:58    [71/79] Manguera De Agua Philco Reforzada 15 Mts 1/2 Con Accesorios Verde (code: ): $14,628.55 -> $13,781.00
14:30:59    [72/79] CINTA GIANT 3MT (code: ): $2,052.77 -> $2,268.75
14:31:00    [73/79] BOCALLAVE MAGNETICO 5 PIEZAS DE 3/8 EN BLISTER (code: 10336): $2,700.03 -> $2,535.71
14:31:00    [74/79] LLAVE TORX GRANDE LARGAS TFTOOLS (code: Torx: T-10: Largo: 9 cm T-15: Largo: 9,7): $5,102.64 -> $5,291.63
14:31:01    [75/79] DISCO FLAP OXIDO ALUMINIO 115 GRANO 60 (code: TR010652): $1,029.90 -> $904.70
14:31:01    [76/79] DISCO FLAP 115 ZIRCONEO GRANO 36 energy (code: TR010680): $1,041.35 -> $967.82
14:31:02    [77/79] DISCO FLAP OXIDO ALUMINIO 115 GRANO 80 (code: TR010684): $947.51 -> $904.70
14:31:02    [78/79] DISCO DIAMANTADO CONTINUO 115 ENERGY (code: TR010702): $2,436.31 -> $2,314.68
14:31:03    [79/79] DISCO SEGMENTADO DIAMANTADO 230MM (code: TR010718): $10,718.94 -> $8,004.15

============================================================
  SYNC REPORT
============================================================
  Kyte products:          1219
  Source products:        1200
  Matched by code:        1150
  Matched by name:        47
  Total matched:          1197
  Prices to update:       79
  Prices unchanged:       1118
  NOT found in Kyte:      3

  --- API Results ---
  Successfully updated:   78
  Failed:                 0
  Skipped (unchanged):    1
============================================================

  Products NOT found in Kyte (3):
    - Hidrolavadora 135 Bar 1800w Boquilla Regulable Lanza Espuma (code: kldl145)
    - VENTILADOR 18" 3 EN 1 5 aspas plasticas (code: N/A)
    - HIDROLAVADORA 160 BAR 2300W THUNDER (code: tt08140)

NOTE: Esta corrida usaba matching por nombre ademas de codigo.
      Las imagenes se corrompieron por el bug del PUT (uid duplicado).
      Bug corregido y 76 imagenes reparadas el 2026-04-01.
